<?xml version="1.0" encoding="UTF-8"?>
<testng-results ignored="0" total="4" passed="4" failed="0" skipped="0">
  <reporter-output>
  </reporter-output>
  <suite started-at="2025-01-12T20:13:48 CST" name="Suite" finished-at="2025-01-12T20:13:52 CST" duration-ms="4655">
    <groups>
    </groups>
    <test started-at="2025-01-12T20:13:48 CST" name="Test" finished-at="2025-01-12T20:13:52 CST" duration-ms="4655">
      <class name="TestCases.TC1_Test">
        <test-method is-config="true" signature="beforeTest()[pri:0, instance:TestCases.TC1_Test@6574a52c]" started-at="2025-01-12T20:13:48 CST" name="beforeTest" finished-at="2025-01-12T20:13:48 CST" duration-ms="1" status="PASS">
          <reporter-output>
          </reporter-output>
        </test-method> <!-- beforeTest -->
        <test-method is-config="true" signature="beforeClass()[pri:0, instance:TestCases.TC1_Test@6574a52c]" started-at="2025-01-12T20:13:48 CST" name="beforeClass" finished-at="2025-01-12T20:13:48 CST" duration-ms="0" status="PASS">
          <reporter-output>
          </reporter-output>
        </test-method> <!-- beforeClass -->
        <test-method is-config="true" signature="beforeMethod()[pri:0, instance:TestCases.TC1_Test@6574a52c]" started-at="2025-01-12T20:13:48 CST" name="beforeMethod" finished-at="2025-01-12T20:13:48 CST" duration-ms="1" status="PASS">
          <reporter-output>
          </reporter-output>
        </test-method> <!-- beforeMethod -->
        <test-method signature="testcase01()[pri:0, instance:TestCases.TC1_Test@6574a52c]" started-at="2025-01-12T20:13:48 CST" name="testcase01" finished-at="2025-01-12T20:13:52 CST" duration-ms="3884" status="PASS">
          <reporter-output>
          </reporter-output>
        </test-method> <!-- testcase01 -->
        <test-method is-config="true" signature="afterMethod()[pri:0, instance:TestCases.TC1_Test@6574a52c]" started-at="2025-01-12T20:13:52 CST" name="afterMethod" finished-at="2025-01-12T20:13:52 CST" duration-ms="1" status="PASS">
          <reporter-output>
          </reporter-output>
        </test-method> <!-- afterMethod -->
        <test-method is-config="true" signature="afterClass()[pri:0, instance:TestCases.TC1_Test@6574a52c]" started-at="2025-01-12T20:13:52 CST" name="afterClass" finished-at="2025-01-12T20:13:52 CST" duration-ms="0" status="PASS">
          <reporter-output>
          </reporter-output>
        </test-method> <!-- afterClass -->
        <test-method is-config="true" signature="AfterTest()[pri:0, instance:TestCases.TC1_Test@6574a52c]" started-at="2025-01-12T20:13:52 CST" name="AfterTest" finished-at="2025-01-12T20:13:52 CST" duration-ms="1" status="PASS">
          <reporter-output>
          </reporter-output>
        </test-method> <!-- AfterTest -->
      </class> <!-- TestCases.TC1_Test -->
      <class name="TestCases.TC1_Test2">
        <test-method signature="Testcase()[pri:0, instance:TestCases.TC1_Test2@55a147cc]" started-at="2025-01-12T20:13:52 CST" name="Testcase" finished-at="2025-01-12T20:13:52 CST" duration-ms="703" status="PASS">
          <reporter-output>
          </reporter-output>
        </test-method> <!-- Testcase -->
      </class> <!-- TestCases.TC1_Test2 -->
      <class name="Base.TestTestNg">
        <test-method is-config="true" signature="test()[pri:0, instance:Base.TestTestNg@2e385cce]" started-at="2025-01-12T20:13:48 CST" name="test" finished-at="2025-01-12T20:13:48 CST" duration-ms="152" status="PASS">
          <reporter-output>
          </reporter-output>
        </test-method> <!-- test -->
        <test-method signature="test()[pri:0, instance:Base.TestTestNg@2e385cce]" started-at="2025-01-12T20:13:52 CST" name="test" finished-at="2025-01-12T20:13:52 CST" duration-ms="4" status="PASS">
          <reporter-output>
          </reporter-output>
        </test-method> <!-- test -->
        <test-method signature="test1()[pri:0, instance:Base.TestTestNg@2e385cce]" started-at="2025-01-12T20:13:52 CST" name="test1" finished-at="2025-01-12T20:13:52 CST" duration-ms="1" status="PASS">
          <reporter-output>
          </reporter-output>
        </test-method> <!-- test1 -->
        <test-method is-config="true" signature="test1()[pri:0, instance:Base.TestTestNg@2e385cce]" started-at="2025-01-12T20:13:52 CST" name="test1" finished-at="2025-01-12T20:13:52 CST" duration-ms="0" status="PASS">
          <reporter-output>
          </reporter-output>
        </test-method> <!-- test1 -->
      </class> <!-- Base.TestTestNg -->
    </test> <!-- Test -->
  </suite> <!-- Suite -->
</testng-results>
