<?xml version="1.0" encoding="UTF-8"?>
<!-- Generated by org.testng.reporters.JUnitXMLReporter -->
<testsuite ignored="0" hostname="Cherry" failures="0" tests="4" name="Test" time="4.655" errors="0" timestamp="2025-01-12T20:13:52 CST">
  <testcase classname="TestCases.TC1_Test" name="testcase01" time="3.884"/>
  <testcase classname="TestCases.TC1_Test2" name="Testcase" time="0.703"/>
  <testcase classname="Base.TestTestNg" name="test" time="0.004"/>
  <testcase classname="Base.TestTestNg" name="test1" time="0.001"/>
</testsuite> <!-- Test -->
